  global.c
C:\Users\amir\Desktop\windows-system-calls-attacking\windows-system-calls-attacking\windows-system-calls-attacking\global.c(8,69): warning C4047: 'function': 'DWORD' differs in levels of indirection from 'void *'
C:\Users\amir\Desktop\windows-system-calls-attacking\windows-system-calls-attacking\windows-system-calls-attacking\global.c(8,69): warning C4024: 'CreateToolhelp32Snapshot': different types for formal and actual parameter 2
C:\Users\amir\Desktop\windows-system-calls-attacking\windows-system-calls-attacking\windows-system-calls-attacking\global.c(32,74): warning C4133: 'function': incompatible types - from 'SIZE_T *' to 'PULONG'
C:\Users\amir\Desktop\windows-system-calls-attacking\windows-system-calls-attacking\windows-system-calls-attacking\global.c(44,11): warning C4047: 'return': 'HANDLE' differs in levels of indirection from 'int'
C:\Users\amir\Desktop\windows-system-calls-attacking\windows-system-calls-attacking\windows-system-calls-attacking\global.c(48,11): warning C4047: 'return': 'HANDLE' differs in levels of indirection from 'int'
C:\Users\amir\Desktop\windows-system-calls-attacking\windows-system-calls-attacking\windows-system-calls-attacking\global.c(50,39): warning C4312: 'type cast': conversion from 'DWORD' to 'HANDLE' of greater size
C:\Users\amir\Desktop\windows-system-calls-attacking\windows-system-calls-attacking\windows-system-calls-attacking\global.c(65,1): warning C4267: 'initializing': conversion from 'size_t' to 'int', possible loss of data
C:\Users\amir\Desktop\windows-system-calls-attacking\windows-system-calls-attacking\windows-system-calls-attacking\global.c(77,1): warning C4005: 'MAX_PATH': macro redefinition
C:\Program Files (x86)\Windows Kits\10\Include\10.0.18362.0\shared\minwindef.h(60): message : see previous definition of 'MAX_PATH'
  main.c
  remote_thread.c
C:\Users\amir\Desktop\windows-system-calls-attacking\windows-system-calls-attacking\windows-system-calls-attacking\remote_thread.c(3,1): warning C4005: '_WIN32_WINNT': macro redefinition
C:\Program Files (x86)\Windows Kits\10\Include\10.0.18362.0\shared\sdkddkver.h(217): message : see previous definition of '_WIN32_WINNT'
C:\Users\amir\Desktop\windows-system-calls-attacking\windows-system-calls-attacking\windows-system-calls-attacking\remote_thread.c(4,1): warning C4005: 'WINVER': macro redefinition
C:\Program Files (x86)\Windows Kits\10\Include\10.0.18362.0\shared\sdkddkver.h(238): message : see previous definition of 'WINVER'
C:\Users\amir\Desktop\windows-system-calls-attacking\windows-system-calls-attacking\windows-system-calls-attacking\remote_thread.c(23,10): warning C4477: 'printf' : format string '%d' requires an argument of type 'int', but variadic argument 2 has type 'SIZE_T'
C:\Users\amir\Desktop\windows-system-calls-attacking\windows-system-calls-attacking\windows-system-calls-attacking\remote_thread.c(23,10): message : consider using '%lld' in the format string
C:\Users\amir\Desktop\windows-system-calls-attacking\windows-system-calls-attacking\windows-system-calls-attacking\remote_thread.c(23,10): message : consider using '%Id' in the format string
C:\Users\amir\Desktop\windows-system-calls-attacking\windows-system-calls-attacking\windows-system-calls-attacking\remote_thread.c(23,10): message : consider using '%I64d' in the format string
C:\Users\amir\Desktop\windows-system-calls-attacking\windows-system-calls-attacking\windows-system-calls-attacking\remote_thread.c(9,1): warning C4113: '_NtWriteVirtualMemory' differs in parameter lists from '_NtAllocateVirtualMemory'
  test_remote_thread.c
C:\Users\amir\Desktop\windows-system-calls-attacking\windows-system-calls-attacking\windows-system-calls-attacking\test_remote_thread.c(22,23): warning C4013: 'InvokeRemoteShellCode' undefined; assuming extern returning int
  test_virtual_alloc.c
C:\Users\amir\Desktop\windows-system-calls-attacking\windows-system-calls-attacking\windows-system-calls-attacking\test_virtual_alloc.c(10,16): warning C4013: 'WriteOnAddress' undefined; assuming extern returning int
  virtual_alloc.c
C:\Users\amir\Desktop\windows-system-calls-attacking\windows-system-calls-attacking\windows-system-calls-attacking\virtual_alloc.c(10,10): warning C4477: 'scanf_s' : format string '%x' requires an argument of type 'unsigned int *', but variadic argument 1 has type 'PVOID *'
C:\Users\amir\Desktop\windows-system-calls-attacking\windows-system-calls-attacking\windows-system-calls-attacking\virtual_alloc.c(13,44): warning C4022: 'NtWriteVirtualMemory': pointer mismatch for actual parameter 2
  Generating Code...
C:\Users\amir\Desktop\windows-system-calls-attacking\windows-system-calls-attacking\windows-system-calls-attacking\global.c(83): warning C4715: 'GetProcessNameByPid': not all control paths return a value
  utils.h
  windows-system-calls-attacking.vcxproj -> C:\Users\amir\Desktop\windows-system-calls-attacking\windows-system-calls-attacking\x64\Debug\windows-system-calls-attacking.exe
